1.206990490000000027e-01 1.605583559999999854e-02
1.628869370000000094e-01 2.350291369999999921e-02
2.221751570000000120e-01 3.887322520000000003e-02
2.117976219999999909e-01 3.855495090000000263e-02
3.508485239999999949e-01 5.032020100000000190e-02
3.924900339999999876e-01 4.883497309999999814e-02
5.067719099999999921e-01 6.558254500000000597e-02
3.362324509999999878e-01 1.647383510000000051e-02
2.751287559999999743e-01 5.456478489999999626e-03
4.496818479999999951e-01 3.648412139999999970e-02
-4.590404380000000402e-03 2.450291849999999827e-02
-2.759916290000000161e-01 2.024389399999999839e-02
5.346161769999999702e-01 5.314712769999999781e-02
5.019062579999999940e-01 2.173113939999999841e-02
-1.455649029999999955e-01 4.322339070000000283e-02
3.317044089999999779e-01 2.658032680000000161e-02
2.098036570000000045e-01 5.532627319999999793e-02
4.874323950000000183e-01 2.933893939999999978e-02
2.893202650000000209e-01 9.420785679999999981e-03
5.786126870000000144e-01 1.962908140000000148e-02
2.032067210000000068e-01 3.516907419999999729e-02
1.530873969999999862e-01 3.953567460000000089e-02
-1.200629750000000058e-02 1.350183150000000033e-02
6.956914859999999701e-01 6.964803690000000158e-02
2.981277800000000089e-01 2.130884929999999830e-02
4.808945869999999706e-02 6.356078390000000078e-02
4.648687260000000099e-01 2.231355969999999911e-02
-2.682693130000000092e-01 4.192077970000000070e-02
2.424741569999999957e-01 2.860255210000000117e-02
3.156532029999999968e-03 2.883931049999999968e-02
3.657531840000000090e-01 5.874825809999999898e-02
3.715858240000000090e-01 2.094777459999999994e-02
4.837546229999999947e-01 3.741997419999999741e-02
2.215116330000000133e-01 3.863618349999999729e-02
2.501938439999999986e-01 1.375667650000000040e-02
1.801694869999999893e-01 3.334017890000000317e-02
-9.407821330000000482e-02 1.563149260000000138e-02
4.413135679999999894e-01 1.640061079999999977e-02
8.142939950000000621e-03 3.650344190000000266e-02
4.248419469999999976e-01 2.499599590000000163e-02
5.546697210000000045e-01 3.523527869999999729e-02
7.487497520000000462e-01 2.236321169999999983e-02
1.528752929999999954e-01 5.704334030000000194e-02
2.137338030000000000e-01 2.218315800000000143e-02
1.640497069999999891e-01 2.098241619999999946e-02
1.257761330000000122e-01 1.779198569999999868e-02
2.484623220000000132e-01 3.941563929999999938e-02
-1.121273069999999955e-01 4.346463109999999797e-02
2.477469130000000130e-01 4.980608029999999964e-02
3.773542919999999801e-01 6.993568640000000225e-02
4.539401670000000055e-01 3.262082820000000022e-02
1.410318680000000047e-01 1.153700820000000057e-02
7.374341610000000324e-01 6.204709020000000186e-02
1.229509980000000058e-01 1.162392980000000013e-02
4.277225390000000127e-01 1.780534970000000050e-02
9.191961930000000502e-02 2.476834740000000146e-02
-3.069957790000000242e-01 3.830025139999999884e-02
3.056683419999999818e-01 2.686894069999999982e-02
3.753624839999999963e-01 3.876197130000000324e-02
3.575493009999999861e-01 2.398531959999999907e-02
6.898983010000000471e-01 3.730982320000000158e-02
3.434425779999999984e-01 9.659091769999999383e-03
3.535293769999999780e-01 3.563625609999999944e-02
1.879998770000000097e-01 2.303437090000000007e-02
6.932202799999999387e-02 7.745968790000000437e-02
2.523625380000000251e-01 1.789088250000000005e-02
1.503071800000000124e-01 2.244283949999999889e-02
1.891565709999999956e-01 4.483905269999999971e-02
3.070113810000000276e-01 1.121652539999999990e-02
2.052308720000000086e-01 4.232305609999999739e-03
2.979227059999999816e-01 4.185209999999999972e-03
3.138812839999999826e-01 3.017619040000000044e-02
2.030896859999999915e-01 3.412225259999999982e-02
4.350568049999999909e-01 2.525561470000000155e-02
1.719467590000000046e-01 4.148745759999999949e-02
3.086989090000000213e-01 1.906091580000000146e-02
2.474255209999999885e-02 9.369537480000000515e-03
1.919118240000000086e-01 2.106230409999999831e-02
5.697077870000000210e-01 6.448837420000000376e-02
2.659797059999999824e-01 3.374997259999999721e-02
1.360353820000000102e-01 3.039308300000000129e-02
2.172544160000000057e-01 1.561733289999999927e-02
6.081701440000000236e-01 2.877355909999999850e-02
3.287924879999999939e-01 2.069370239999999972e-02
3.286464390000000124e-01 4.691244370000000052e-02
4.800968460000000215e-01 1.844577570000000000e-02
4.699416199999999905e-02 3.993680360000000096e-02
3.171436469999999730e-01 2.174326769999999909e-02
-9.192790670000000608e-02 5.062730110000000089e-03
2.063933649999999953e-01 3.357656610000000347e-02
3.597885419999999890e-01 3.181553470000000189e-02
1.375526360000000059e-01 4.510963679999999837e-02
1.820048760000000099e-01 4.176828519999999795e-02
1.674120879999999867e-01 1.914642800000000006e-02
2.167513560000000061e-01 3.167898040000000082e-02
2.268056159999999877e-01 4.676615519999999943e-02
3.771582540000000261e-01 1.501289880000000049e-02
4.857431050000000083e-01 5.025325089999999745e-02
-9.775862340000000122e-03 3.527280919999999792e-02
1.757227769999999967e-01 1.980236850000000048e-02
2.100601970000000041e-01 3.631942490000000193e-03
4.894447350000000196e-01 2.584929619999999997e-02
2.707068950000000029e-01 2.778628439999999977e-02
3.232516440000000046e-01 4.452950089999999778e-02
3.612353569999999792e-01 6.455113190000000278e-03
4.821147309999999908e-02 1.947989569999999948e-02
3.539165229999999829e-01 4.718427220000000200e-02
5.018511199999999839e-01 3.249822589999999678e-02
4.521571010000000057e-01 3.081394499999999884e-02
2.196875990000000112e-01 4.424936840000000260e-02
1.990958989999999929e-01 4.308274639999999656e-02
2.625690459999999726e-01 6.261714279999999570e-03
2.389101790000000003e-01 2.860870479999999896e-02
2.380611320000000086e-01 1.142959919999999956e-02
5.447413740000000004e-01 4.456167569999999745e-02
1.360006900000000074e-01 5.606799380000000201e-03
2.644571499999999742e-01 1.931709430000000047e-02
3.845708039999999883e-01 7.406258130000000113e-03
1.387676240000000061e-01 2.595137980000000039e-02
1.908436699999999930e-01 2.127912670000000131e-02
2.048357849999999925e-01 4.151928800000000142e-02
3.980902060000000020e-01 3.992267730000000070e-02
2.901926000000000228e-01 6.553217009999999509e-02
6.516709769999999846e-01 7.277141900000000385e-02
1.176221270000000069e-01 9.465609220000000684e-03
2.133780669999999977e-02 1.273059510000000040e-02
1.768192590000000064e-01 6.840717999999999799e-02
2.377884939999999891e-01 2.115269120000000044e-02
5.233881609999999629e-01 5.171637560000000300e-02
5.322846009999999684e-01 5.991022129999999668e-02
4.434238210000000097e-02 4.348583030000000016e-02
-1.461336579999999996e-01 5.560826869999999783e-02
2.994513770000000186e-01 1.020753559999999956e-02
3.539519159999999776e-01 1.556479459999999919e-02
4.010220010000000168e-01 4.171894279999999872e-02
3.371456620000000126e-01 6.109596719999999849e-03
1.589159940000000049e-01 3.702690499999999885e-02
4.312159689999999768e-01 3.014425819999999936e-02
3.748424989999999957e-01 2.406504959999999915e-02
-1.099766910000000014e-01 1.430639369999999952e-02
2.085917589999999877e-01 3.699004740000000346e-02
4.743179949999999923e-01 3.922967010000000254e-02
3.472903920000000033e-01 2.960662749999999968e-02
1.693041499999999866e-01 1.609486850000000149e-02
2.194947009999999865e-01 1.134707310000000052e-02
1.727970899999999865e-01 1.213932860000000065e-02
-6.131115480000000340e-02 5.996873230000000082e-02
1.414151660000000088e-01 2.071417099999999997e-02
9.828574260000000340e-02 9.840598920000000541e-03
3.434695810000000238e-01 9.599722399999999906e-03
5.343571710000000197e-02 2.359830029999999967e-02
2.180418369999999884e-01 4.033345590000000230e-02
2.800161230000000057e-01 4.723646620000000046e-02
8.418356829999999735e-02 2.788237710000000119e-02
1.544634010000000002e-01 2.785701299999999991e-02
2.950608750000000002e-01 4.326680780000000115e-02
5.132762549999999591e-01 4.383767000000000219e-02
2.324900970000000067e-01 4.166422830000000160e-02
1.028212349999999969e-01 2.307649830000000138e-02
4.211467360000000215e-01 2.831006029999999854e-02
4.315143929999999961e-01 7.485845100000000120e-03
4.478010590000000013e-01 5.582330879999999884e-02
-1.453230749999999960e-01 4.010808739999999900e-02
2.371770669999999914e-01 5.964875920000000352e-03
2.473805570000000009e-01 1.692091189999999842e-02
3.930916229999999872e-02 1.661000639999999848e-02
3.335410039999999743e-01 1.976805619999999833e-02
2.966946529999999749e-01 1.756165729999999842e-02
4.832899540000000216e-01 3.468465710000000202e-02
4.515749769999999885e-01 3.411723240000000268e-02
6.204208439999999714e-01 4.318181919999999896e-02
3.165957629999999745e-01 1.122853799999999971e-02
1.890817059999999883e-01 1.784770590000000004e-02
4.706784769999999840e-01 3.820241080000000289e-02
4.313603429999999794e-01 5.542462950000000277e-02
2.019455129999999932e-01 2.101042209999999869e-02
4.266780230000000174e-01 2.190436930000000046e-02
1.772348729999999872e-01 9.404406000000000571e-03
3.228223769999999937e-01 6.744467819999999669e-02
6.885520239999999570e-02 6.076353649999999620e-03
2.292117720000000081e-01 3.659849329999999984e-02
2.364788479999999915e-01 2.831859869999999932e-02
3.148657060000000230e-01 4.723346820000000335e-02
5.145138129999999865e-01 5.636104329999999663e-02
4.238610520000000159e-01 2.602852790000000083e-02
3.617598459999999960e-01 1.471554379999999961e-02
2.810284980000000155e-01 4.265423299999999973e-02
5.375713349999999835e-01 5.065133809999999848e-02
4.384600830000000005e-01 1.496276350000000019e-02
3.653912880000000085e-02 2.272942769999999890e-02
-1.604079859999999955e-02 3.176863249999999778e-02
5.151650380000000196e-01 3.068688950000000165e-02
2.508607629999999866e-01 4.263893030000000250e-03
5.853565360000000384e-01 1.239804249999999948e-02
4.106890710000000166e-01 5.073167659999999746e-02
1.412431600000000065e-01 1.622694150000000141e-02
5.403365390000000046e-01 6.150063719999999956e-02
6.585228770000000065e-01 2.457201880000000130e-02
-1.420682369999999931e-02 1.712838839999999974e-02
5.429953469999999616e-01 2.716112630000000125e-02
7.148923600000000045e-01 4.316239940000000247e-02
4.800543170000000082e-01 3.784033609999999659e-02
4.418241439999999742e-01 5.762240460000000314e-02
1.471618589999999956e-02 1.851489409999999836e-02
2.855962530000000221e-01 5.636955600000000122e-02
2.808751480000000189e-01 8.834505899999999315e-03
1.827274809999999972e-01 2.024734749999999861e-02
2.524472600000000067e-01 1.085985580000000013e-02
3.406442860000000183e-02 3.744371490000000108e-02
1.334850029999999910e-01 4.449364849999999996e-03
8.115381909999999643e-02 3.637597599999999737e-02
5.042448240000000359e-01 3.458142639999999685e-02
1.406369359999999902e-01 1.038770250000000013e-02
4.478826399999999985e-01 1.622326940000000037e-02
1.380567350000000137e-01 2.775026959999999862e-02
6.702759849999999631e-01 6.261317330000000514e-02
-7.690461640000000043e-02 3.549396009999999935e-02
-3.084532320000000008e-02 1.271160500000000082e-02
5.888136999999999954e-01 3.042758090000000082e-02
7.429043709999999523e-02 2.173270470000000093e-02
3.396294469999999732e-01 1.542627899999999934e-02
2.747076769999999835e-01 5.468539079999999719e-02
4.036019400000000201e-02 3.182271679999999769e-02
6.095117810000000302e-01 2.967036719999999878e-02
3.161318909999999982e-01 1.848376540000000109e-02
3.512094119999999986e-01 4.483374989999999727e-02
3.261629670000000258e-01 1.549885359999999927e-02
1.129203980000000052e-01 3.486859710000000251e-02
2.703123649999999989e-01 2.928481780000000145e-02
9.309765740000000567e-02 3.354030620000000157e-03
3.558811579999999752e-01 1.766084550000000114e-02
4.247085030000000150e-01 2.135375839999999886e-02
3.542762329999999960e-01 3.511954600000000148e-02
6.060638649999999794e-02 4.713932500000000275e-03
3.579990259999999980e-01 4.923798909999999723e-02
2.962940769999999890e-01 4.324323120000000270e-02
4.732559550000000059e-01 2.326067110000000146e-02
4.405788210000000094e-02 1.712840220000000011e-02
2.621190440000000232e-01 1.474497659999999925e-02
3.465517550000000169e-01 2.941176139999999994e-02
5.187676650000000445e-01 3.821214299999999703e-02
5.487434669999999848e-01 3.674044430000000111e-02
3.660628430000000266e-01 2.225366180000000124e-02
1.990899479999999888e-01 2.730122629999999842e-02
4.550716180000000111e-01 4.219282989999999928e-02
3.538617399999999802e-01 1.848508150000000017e-02
3.334033610000000092e-01 1.953789369999999956e-02
5.413977119999999754e-01 1.248126249999999965e-02
5.294773349999999656e-02 8.415475139999999826e-03
1.587501649999999986e-01 1.023993060000000059e-02
4.236173950000000077e-01 6.986421959999999931e-02
2.686489730000000131e-01 1.004938659999999977e-02
3.676572779999999763e-01 5.262405850000000107e-02
1.032121160000000065e-01 3.126471100000000058e-02
5.961928050000000340e-02 2.701664790000000201e-03
-8.146985560000000182e-03 3.039512679999999828e-02
7.884130520000000031e-01 3.609917650000000339e-02
3.772965059999999760e-01 2.816063850000000146e-02
3.845174940000000152e-01 3.968064169999999807e-02
1.474145269999999897e-01 1.226837000000000066e-02
2.714879119999999979e-01 1.941583330000000093e-02
3.598501069999999746e-01 4.229791769999999979e-02
2.537172970000000083e-01 5.227608110000000335e-02
4.584434729999999902e-01 4.476466180000000100e-02
6.237002750000000262e-01 3.212913030000000281e-02
1.953825170000000055e-01 1.387227939999999965e-02
2.958138140000000083e-01 9.922817060000000203e-03
1.304365680000000027e-01 4.941009050000000347e-02
4.908462050000000215e-02 8.590505999999999490e-03
4.304371439999999938e-01 1.067972719999999917e-02
3.639103260000000062e-01 4.515647639999999935e-02
2.846682220000000263e-01 4.730795649999999797e-02
5.096577530000000467e-01 1.822601420000000139e-02
2.628652719999999832e-01 1.142439999999999949e-02
1.355629720000000038e-01 9.668092090000000166e-03
4.931198549999999958e-01 4.313021279999999791e-02
4.634508990000000273e-01 4.921685819999999795e-02
3.276641829999999977e-01 2.583551619999999854e-02
6.587281769999999703e-01 4.481280239999999720e-02
1.854603860000000048e-01 5.456256939999999667e-02
3.949445589999999728e-01 2.361217349999999993e-02
3.219769860000000206e-01 5.744663059999999960e-02
1.923700879999999946e-01 1.581095869999999889e-02
4.929792579999999758e-01 3.990271819999999942e-02
2.186077489999999901e-01 5.066225840000000008e-02
2.114441720000000136e-01 5.967958070000000358e-03
1.201332039999999934e-01 1.851212389999999999e-02
6.961494089999999968e-01 6.015962949999999893e-02
1.105099830000000061e-01 1.432739230000000009e-02
4.088968900000000128e-01 2.546557119999999855e-02
3.854040979999999728e-01 4.327999240000000164e-02
6.414103110000000108e-01 2.914901729999999982e-02
4.472720339999999850e-01 7.186451080000000324e-02
2.415215880000000023e-02 4.620277429999999907e-02
4.794216279999999886e-01 4.658789790000000125e-02
3.615086120000000069e-01 1.651296240000000096e-02
3.268562400000000201e-01 1.475790499999999998e-02
2.756007460000000076e-01 1.113543690000000017e-02
2.703476260000000075e-01 1.536145029999999925e-02
2.855652659999999843e-01 1.370027960000000031e-02
2.352502330000000030e-01 1.272631569999999913e-02
4.324393850000000095e-01 2.525982239999999962e-02
1.041389229999999935e-03 2.335184129999999872e-02
3.661174389999999890e-01 2.127210170000000053e-02
4.173756940000000193e-01 1.759636759999999925e-02
3.208544709999999744e-01 3.800907619999999848e-02
3.468830840000000082e-01 4.885868859999999841e-02
5.453537969999999735e-01 3.415438860000000187e-02
2.469507840000000065e-01 3.188522020000000151e-02
1.059039779999999958e-01 3.008146800000000010e-02
1.454509949999999996e-01 2.816730029999999982e-02
5.111705829999999562e-01 4.041851379999999994e-02
3.513599000000000028e-01 4.646360990000000107e-02
1.029819579999999984e-01 4.697578010000000304e-02
4.165964750000000077e-02 2.825199369999999849e-03
3.555393860000000128e-01 2.981138180000000165e-02
1.359521690000000116e-01 2.237104479999999992e-02
3.503034070000000111e-01 1.911347780000000052e-02
6.545101490000000410e-01 3.393252310000000049e-02
3.749967569999999861e-02 2.734962520000000161e-02
2.157643069999999885e-01 3.301376279999999885e-02
2.822001900000000174e-01 2.904866320000000154e-02
3.823707949999999856e-01 3.105775170000000043e-02
-4.858732570000000306e-02 1.071723439999999923e-02
2.767734099999999975e-01 3.542426709999999673e-02
5.618281790000000386e-01 1.705852440000000039e-02
1.184897199999999928e-02 6.183522520000000328e-02
1.959868009999999883e-01 1.445517229999999931e-02
3.278138349999999979e-01 2.039220900000000142e-02
3.002742310000000026e-01 2.929319119999999887e-02
3.291006129999999863e-01 1.604575709999999863e-02
5.953423930000000253e-01 4.840867110000000167e-02
3.948590909999999954e-01 2.835268939999999877e-02
2.167269800000000135e-01 6.463886489999999541e-02
4.613752170000000041e-01 5.634307670000000129e-02
2.825199629999999851e-01 2.519583450000000002e-02
7.168179560000000061e-02 2.319470620000000163e-02
2.603086430000000062e-01 2.024958229999999915e-02
9.311881160000000379e-02 4.097973829999999873e-02
8.364108909999999619e-02 2.449720130000000023e-02
3.796277920000000194e-01 1.918642630000000002e-02
3.588823990000000186e-01 2.371269200000000049e-02
3.181965050000000184e-01 3.934519429999999707e-02
4.835039329999999969e-01 4.042578019999999717e-02
3.648618470000000169e-01 1.288919749999999954e-02
1.823446930000000021e-01 1.391336649999999966e-02
2.254196079999999935e-01 2.705954119999999866e-02
4.327427739999999967e-01 2.133134039999999912e-02
1.642785730000000111e-01 3.927557660000000062e-02
4.057025579999999909e-01 4.756407809999999708e-02
4.090400399999999936e-01 4.441416360000000063e-02
1.804669449999999897e-01 3.727056050000000093e-02
4.590202740000000059e-01 2.471454169999999853e-02
1.930143159999999913e-01 6.087180349999999664e-03
5.051860759999999839e-01 2.657770649999999929e-02
3.785701209999999817e-01 2.778617920000000033e-02
1.115191630000000045e-01 2.465203410000000109e-02
2.125178259999999930e-01 3.987138669999999718e-02
4.758602399999999899e-01 3.502790449999999833e-02
1.558354760000000006e-01 1.364576779999999989e-02
2.013915450000000051e-01 2.533703049999999971e-02
7.454015440000000270e-01 4.443979940000000045e-02
6.687626020000000393e-01 4.657949079999999797e-02
4.908695860000000244e-01 2.066483510000000079e-02
2.466422719999999957e-01 1.909765789999999866e-02
3.146593580000000001e-01 4.633342950000000210e-02
1.769414039999999966e-01 1.853252409999999947e-02
-7.607467360000000345e-02 2.723048850000000035e-02
2.884075750000000271e-01 1.398484189999999946e-02
4.303062619999999949e-01 3.219674539999999724e-02
1.148400069999999940e-01 2.970912809999999918e-02
3.331382310000000069e-01 3.133610629999999952e-02
6.665219510000000014e-01 5.449114120000000255e-02
4.908020730000000054e-01 2.699742559999999958e-02
4.913134800000000246e-01 4.666534719999999858e-02
7.543398070000000011e-02 2.641853029999999963e-02
2.214055390000000123e-01 3.799797519999999901e-02
4.256765800000000266e-01 2.714042880000000144e-02
2.041169429999999951e-01 3.659640680000000174e-02
5.861317019999999767e-01 1.978379350000000064e-02
6.293021460000000067e-01 5.505494290000000068e-02
2.225994829999999869e-01 4.484069339999999931e-02
1.750804549999999959e-01 3.880585949999999784e-02
2.824886240000000215e-01 3.075103369999999947e-02
2.314021569999999972e-01 1.897423200000000060e-02
2.357568180000000069e-01 2.446764250000000012e-03
3.177882060000000175e-01 5.437109779999999698e-02
5.388009830000000111e-01 1.590736729999999918e-02
1.508453919999999948e-01 4.601561269999999981e-02
3.779305179999999931e-01 4.702456619999999948e-02
2.510049289999999877e-01 1.463574980000000025e-02
3.126999249999999897e-01 2.387397540000000054e-02
4.494079959999999763e-01 4.364479870000000095e-02
5.511034190000000388e-01 2.832673130000000136e-02
3.371638149999999778e-01 2.125707859999999977e-02
5.638385999999999676e-01 7.055107260000000047e-02
2.981492600000000270e-01 2.040517860000000058e-02
5.495644910000000438e-01 3.511227100000000045e-02
4.955844939999999865e-01 2.268570069999999855e-02
5.180282790000000359e-01 3.804740289999999914e-02
4.033690750000000214e-01 8.653833709999999430e-03
2.336685279999999865e-01 1.700018199999999910e-02
1.188282610000000045e-01 4.798901950000000055e-02
3.754989189999999866e-01 4.035159709999999733e-02
4.518407580000000090e-01 6.495049529999999405e-02
9.706470500000000112e-02 1.069030959999999961e-02
-6.080546170000000056e-02 2.101635690000000153e-02
2.593790999999999736e-01 5.800273909999999894e-02
2.854078669999999818e-01 1.724648780000000159e-02
5.815898430000000507e-01 4.370021240000000057e-02
2.519373549999999740e-01 2.501910660000000036e-02
2.793047670000000093e-01 3.339693009999999962e-02
2.545135640000000254e-01 8.293095940000000041e-03
5.970325609999999755e-02 1.370691350000000086e-02
3.222925409999999879e-01 3.595854040000000251e-02
4.252447619999999984e-01 7.282120470000000290e-03
3.013059319999999985e-01 2.625328190000000145e-02
4.616528529999999741e-01 4.789746870000000101e-02
3.856382179999999771e-01 3.258941370000000004e-02
3.667613499999999860e-01 4.673251689999999986e-02
1.158168390000000048e-01 1.044629660000000008e-02
4.845819009999999816e-01 2.920197620000000022e-02
1.677171779999999945e-01 5.190488559999999890e-02
1.815943670000000065e-01 2.986132639999999894e-03
3.785978159999999759e-01 4.515702829999999890e-02
2.178729150000000003e-01 1.100446979999999964e-02
2.247922670000000039e-02 3.738121249999999673e-02
8.678469260000000463e-02 2.949467039999999901e-02
7.815869659999999941e-01 2.458808789999999966e-02
3.727685809999999877e-01 3.039986589999999975e-02
4.164439950000000112e-01 5.833932389999999663e-02
2.650760830000000179e-01 6.363716149999999738e-02
6.416685149999999671e-02 4.289542819999999680e-03
1.099343599999999949e-01 2.828055919999999945e-02
1.180182210000000065e-01 1.196900579999999985e-02
4.135848710000000067e-02 1.155343099999999942e-02
3.811905789999999739e-01 3.916743129999999962e-02
4.893213619999999681e-03 7.598582169999999747e-03
3.573240730000000198e-01 3.032840269999999977e-02
3.743217959999999844e-01 6.218059570000000064e-02
5.966830850000000019e-01 2.032863069999999925e-02
5.522187920000000139e-01 3.074200239999999931e-02
3.152568800000000171e-01 2.178352940000000126e-02
2.243275379999999930e-01 1.670222229999999974e-02
1.502522360000000112e-01 1.065044459999999957e-02
-4.899086240000000148e-02 1.355012740000000049e-02
4.861956960000000105e-01 1.692606920000000112e-02
2.374751880000000037e-01 1.441665399999999923e-02
4.567646219999999674e-02 1.304294010000000073e-02
1.680356120000000009e-01 2.941273549999999862e-02
4.682510610000000240e-01 2.348316719999999844e-02
4.758408829999999923e-01 3.458281750000000154e-02
2.642517569999999760e-01 2.988102639999999990e-02
2.722607120000000158e-01 2.282826649999999957e-02
5.130477590000000199e-02 2.527650050000000009e-02
1.832479369999999996e-01 8.221621429999999286e-03
1.004012479999999985e-01 2.974779979999999865e-02
3.127974150000000231e-01 4.315191189999999927e-02
2.474461589999999989e-01 9.281977020000000203e-03
1.337153369999999897e-01 7.101879579999999595e-03
3.445585930000000241e-01 2.625897649999999958e-02
1.291954590000000125e-01 1.786276460000000080e-02
3.131383879999999897e-01 2.428532090000000074e-02
1.762028099999999875e-01 5.429046440000000195e-02
1.451550510000000072e-01 8.401154370000000343e-03
6.307708109999999868e-01 4.511829030000000240e-02
1.941684999999999939e-01 2.739574540000000100e-02
3.237368669999999837e-01 1.456517650000000060e-02
4.891605010000000253e-01 1.859576669999999862e-02
5.723591000000000095e-01 4.210927059999999833e-02
3.806286890000000200e-01 2.423547170000000042e-02
3.235174559999999810e-01 3.349363340000000022e-02
6.770127569999999650e-01 5.624136009999999852e-02
8.932772109999999322e-02 3.144674509999999951e-02
4.206788100000000141e-01 1.125814030000000035e-02
-4.335673579999999722e-02 2.832528440000000106e-02
4.033278350000000234e-01 3.899225629999999998e-02
8.330950299999999586e-01 7.225536990000000492e-02
1.482396659999999922e-01 9.769143209999999258e-03
3.673237220000000192e-01 3.764079010000000169e-02
8.886320540000000601e-02 5.868691160000000240e-02
2.820822800000000186e-01 4.767769689999999672e-02
1.961345090000000124e-01 2.544114299999999940e-02
3.469298080000000062e-01 7.051431470000000222e-03
2.208089799999999880e-01 1.814571569999999870e-02
1.748876000000000042e-01 2.165217180000000158e-02
3.301268159999999896e-01 4.598511789999999710e-02
2.987601489999999749e-01 1.977435220000000118e-02
1.744167940000000139e-01 2.929218210000000128e-02
3.931804199999999749e-01 2.575196750000000034e-02
2.678450540000000268e-01 3.542700379999999972e-03
3.392979090000000086e-01 2.760870610000000155e-02
6.898034699999999741e-03 2.239634720000000054e-03
4.610066469999999916e-01 3.665279850000000006e-02
5.251400299999999660e-02 4.345130540000000097e-02
4.422062789999999799e-01 4.954933660000000045e-02
4.887250899999999731e-01 5.266476350000000306e-02
1.491379760000000054e-01 3.294690969999999886e-02
4.371282510000000232e-01 3.935316450000000271e-02
1.983741460000000012e-01 7.045087260000000053e-03
5.083573729999999458e-01 4.324938770000000265e-02
1.016815020000000069e-01 3.303231289999999931e-02
3.437241349999999862e-01 2.525525979999999893e-02
2.046083019999999919e-01 3.837329760000000173e-02
3.904884770000000005e-01 2.008634819999999960e-02
-5.983890089999999856e-02 1.736305490000000090e-02
4.669607479999999811e-01 1.362399830000000055e-02
5.841174460000000401e-01 1.584763939999999857e-02
1.514361770000000051e-01 3.526346090000000155e-02
5.896600539999999890e-01 2.143906110000000018e-02
6.735119300000000364e-02 3.704488920000000018e-02
2.851098429999999739e-01 4.064196390000000131e-02
4.337578020000000256e-01 4.023636650000000231e-02
4.962163199999999885e-01 3.605979460000000025e-02
6.921017419999999642e-01 2.588942110000000060e-02
4.026818799999999920e-01 6.276741859999999951e-02
4.600946810000000053e-01 3.683826979999999668e-02
3.661085539999999749e-01 1.986139320000000069e-02
7.828942770000000273e-01 5.469878720000000139e-02
3.691717170000000103e-01 2.404678290000000079e-02
1.244876969999999944e-01 2.558134899999999975e-02
2.216341189999999906e-01 7.565852320000000103e-03
5.594563110000000394e-01 5.110692020000000280e-02
8.176252489999999429e-02 8.560920090000000149e-03
3.180037949999999780e-01 3.925418630000000048e-02
1.962400579999999950e-01 3.670038989999999807e-02
1.846326440000000124e-01 3.085630979999999871e-02
-3.193872999999999851e-02 1.833200269999999896e-02
6.063119359999999958e-01 5.234091479999999907e-02
1.325336430000000065e-01 4.605631649999999966e-02
3.238257399999999731e-01 4.613907729999999763e-02
1.244310150000000059e-01 1.187760900000000078e-02
7.415285500000000363e-02 1.324961369999999930e-02
3.732623709999999817e-01 2.103214579999999889e-02
4.601087400000000160e-01 2.368471739999999937e-02
2.571456739999999908e-01 6.374267420000000184e-02
4.792333049999999983e-01 1.787655930000000074e-02
1.276264039999999989e-01 2.363075670000000170e-02
4.009684459999999784e-01 2.600330229999999951e-02
2.241162859999999979e-01 5.834987240000000241e-02
4.568130349999999784e-01 2.832642850000000045e-02
1.161992379999999964e-01 3.038935040000000087e-02
2.066679349999999971e-01 1.869594429999999960e-02
2.452025840000000012e-01 3.280951879999999959e-02
3.477115980000000106e-01 1.216081140000000067e-02
2.603214079999999764e-01 1.924599839999999867e-02
5.676524229999999616e-01 4.790473690000000145e-02
2.780716409999999805e-01 4.312182350000000330e-02
1.755678479999999986e-01 3.060984279999999849e-02
1.809734379999999865e-01 2.325793420000000014e-02
2.455277459999999912e-01 2.015828799999999990e-02
4.072283629999999821e-01 3.663716169999999689e-02
1.450834629999999958e-01 6.237014589999999997e-02
3.973312300000000213e-02 1.824950590000000081e-02
1.450097320000000023e-01 1.255334240000000046e-02
1.963439489999999898e-01 2.593891669999999830e-02
1.363642479999999935e-01 1.753202090000000046e-02
3.121344260000000204e-01 5.729390129999999831e-02
3.958232259999999725e-01 2.982204069999999999e-02
2.776251860000000238e-01 1.913738930000000171e-02
-1.666406039999999977e-02 2.139034630000000159e-02
6.972285490000000585e-02 3.293725559999999969e-02
3.449546139999999927e-01 1.989925299999999869e-02
3.027948610000000262e-01 2.571701870000000015e-02
1.101202319999999985e-01 3.209007330000000074e-02
2.645334850000000126e-01 1.066281019999999920e-02
-1.347257099999999916e-02 2.326652820000000080e-02
4.207942989999999828e-01 2.044992669999999915e-02
3.415658389999999822e-01 5.133485189999999893e-02
3.495478060000000164e-01 4.380606220000000245e-02
4.233917480000000122e-01 9.663191760000000227e-03
2.913044650000000124e-01 3.000822839999999977e-02
6.350021970000000460e-01 3.698887330000000251e-02
1.368961609999999884e-01 1.285156190000000080e-02
5.088646709999999906e-01 2.818194179999999882e-02
2.577617059999999793e-01 5.971544749999999763e-02
-2.880246440000000172e-02 1.463382340000000080e-02
3.338980659999999934e-01 1.193756699999999962e-02
1.893624959999999913e-01 2.139251279999999922e-02
3.352806190000000020e-01 2.036713009999999852e-02
-1.883600930000000062e-01 5.052491939999999987e-02
6.071982470000000104e-02 5.297492229999999774e-02
1.684143770000000040e-01 1.003772919999999964e-02
5.889148800000000294e-01 4.593542989999999798e-02
2.815666059999999971e-01 2.904293330000000048e-02
4.293577570000000065e-01 3.805368110000000026e-02
1.640294589999999886e-01 2.369782399999999928e-02
5.333328720000000273e-02 1.564374300000000162e-02
3.570852299999999757e-01 4.091150029999999875e-03
5.469183349999999777e-01 1.838308339999999985e-02
8.963053240000000421e-02 1.882044780000000084e-02
3.380096930000000000e-01 2.533871799999999966e-02
3.759560109999999788e-01 1.712214940000000157e-02
2.524498700000000206e-01 2.834766609999999840e-02
4.742014800000000085e-01 1.595062740000000034e-02
5.651096180000000357e-01 3.870301620000000248e-02
4.738788669999999814e-01 3.096952940000000098e-02
3.270521060000000091e-01 1.172582729999999997e-02
3.025484900000000033e-01 4.051836679999999691e-02
5.021629680000000429e-01 3.344775219999999993e-02
3.366789190000000209e-01 3.546345950000000247e-02
-1.708383720000000022e-02 4.592696620000000229e-02
1.891326869999999938e-01 4.153364989999999701e-02
4.134752540000000143e-01 3.472930510000000331e-02
3.261121000000000159e-01 2.936094289999999912e-02
2.372313110000000003e-01 4.445749940000000289e-02
4.794182359999999976e-01 2.759531739999999955e-02
4.055108159999999962e-01 4.657173970000000329e-02
2.396031160000000049e-01 1.547922090000000001e-02
4.536972599999999911e-01 2.913622500000000171e-02
2.576701599999999814e-01 2.234029309999999852e-02
5.992941680000000160e-01 4.819279270000000059e-02
9.925552209999999320e-02 3.313584499999999711e-02
4.411759239999999971e-01 5.055109929999999918e-02
2.185730929999999961e-01 1.377676239999999983e-02
6.775404510000000435e-01 2.629994650000000087e-02
3.488101270000000254e-01 2.588128270000000092e-02
3.142062649999999846e-01 2.597971270000000096e-02
2.651453739999999892e-01 1.882302500000000017e-02
1.392683450000000052e-02 8.089135120000000290e-02
6.251054350000000426e-01 5.564581779999999700e-02
1.500280840000000060e-01 1.887220090000000031e-02
3.296536420000000245e-01 3.270314230000000155e-02
4.589460779999999795e-01 7.280860559999999607e-03
-9.932942240000000589e-02 1.508716470000000080e-02
4.174977710000000175e-01 2.892188919999999844e-02
1.493103650000000004e-01 1.918526980000000159e-02
3.101498569999999733e-01 4.092600760000000143e-02
1.527223759999999930e-01 1.254518680000000011e-02
6.151834940000000529e-01 1.506854829999999985e-02
-8.308010350000000210e-02 1.831786389999999834e-02
3.288090350000000273e-01 4.728429960000000293e-02
2.029481639999999865e-01 2.406416980000000184e-03
3.264718979999999826e-01 2.380580300000000038e-02
4.399534410000000006e-01 6.488965609999999828e-02
4.923874529999999750e-01 3.326897449999999951e-02
1.608914959999999950e-01 3.287392620000000043e-02
7.827793610000000069e-01 4.555673610000000179e-02
3.030412769999999978e-01 2.229738439999999836e-02
4.805899559999999848e-01 4.617066539999999802e-02
4.403868140000000153e-01 3.193870020000000309e-02
2.833343449999999875e-01 2.644329449999999887e-02
3.041010160000000018e-01 5.579750840000000101e-02
2.198300300000000096e-01 2.060293439999999910e-03
2.081706749999999995e-01 1.648299710000000057e-02
2.243601440000000113e-01 2.390910989999999944e-02
3.914315709999999782e-01 2.217408779999999885e-02
-9.579897619999999669e-02 1.863506519999999847e-02
4.458188639999999814e-01 3.977656809999999959e-02
4.581905780000000150e-01 1.194832940000000072e-02
4.515895160000000241e-01 2.317895249999999893e-02
6.895159370000000232e-01 3.541226599999999780e-02
1.541402520000000054e-01 6.318678730000000000e-03
1.469930279999999978e-01 3.551968169999999980e-02
4.413497430000000166e-01 5.383728489999999728e-02
2.124554800000000021e-01 1.162349650000000026e-02
6.127609219999999857e-01 5.034929889999999880e-02
4.855891769999999830e-01 2.539862299999999865e-02
1.196050389999999963e-01 2.367152559999999989e-02
4.372341370000000227e-01 6.716274260000000551e-02
4.657454710000000220e-01 5.340651160000000307e-03
4.747438010000000208e-01 3.216119249999999791e-02
2.876717269999999882e-01 9.903760580000000452e-03
6.415693749999999973e-01 3.168900329999999738e-02
5.162823290000000398e-01 3.306445930000000144e-02
4.044725550000000114e-01 4.227104150000000199e-02
2.309367290000000073e-01 2.727810890000000044e-02
1.384633210000000003e-01 1.795673299999999903e-02
2.333120529999999915e-01 9.519765180000000493e-03
4.101180930000000169e-01 3.308098059999999702e-02
2.647393149999999751e-01 5.107886179999999998e-02
3.844100870000000114e-01 5.123125220000000063e-02
3.975414460000000205e-01 5.957887319999999841e-03
3.704936679999999982e-01 1.293091149999999953e-02
5.599201919999999832e-01 2.672838649999999955e-02
1.934553679999999887e-01 4.560067770000000159e-02
4.786142449999999937e-02 3.816154969999999841e-02
1.193714849999999994e-01 5.244788560000000072e-02
1.324691309999999900e-01 5.128308010000000305e-02
4.877241749999999820e-01 1.174468000000000040e-02
2.236185910000000054e-01 1.940284769999999978e-02
6.546117860000000288e-02 1.610094080000000136e-02
3.772818669999999930e-01 1.850486759999999883e-02
3.767321290000000267e-02 1.145390150000000044e-02
5.575138640000000256e-01 2.872982379999999836e-02
2.202099819999999986e-01 2.718904880000000066e-02
2.785990139999999782e-01 1.717301029999999951e-02
2.528412509999999891e-01 3.077872250000000115e-02
2.911854339999999861e-02 6.192053530000000278e-02
-8.645093119999999742e-02 2.566358739999999999e-02
4.987937639999999728e-01 2.162968679999999894e-02
4.967412469999999969e-01 6.034369509999999714e-02
2.389074589999999887e-01 4.219510390000000277e-02
6.074088260000000128e-01 3.615805579999999825e-02
3.331561510000000115e-01 3.968923490000000193e-02
6.021635680000000379e-01 4.180961689999999897e-02
2.634599309999999805e-01 1.997248240000000161e-02
2.807409519999999950e-02 3.522003729999999798e-03
1.378091569999999877e-01 1.664428639999999959e-02
2.198494219999999888e-01 2.495971140000000088e-02
2.126183580000000073e-01 1.900067310000000051e-02
3.730020880000000094e-01 4.306080889999999717e-02
4.508626620000000251e-01 5.123114799999999719e-02
2.833792299999999820e-01 1.329878339999999992e-02
2.816216400000000064e-01 5.650341090000000205e-03
1.179681659999999993e-01 8.305446500000000787e-03
4.080433650000000328e-02 2.362263950000000057e-02
-8.974585919999999994e-02 3.267423400000000339e-02
6.740853999999999457e-01 2.417406349999999884e-02
5.210280950000000244e-01 1.869127740000000107e-02
8.459222290000000255e-01 5.349222089999999818e-02
2.525260109999999947e-01 3.460659900000000178e-02
4.290219370000000199e-01 3.216220530000000327e-02
3.158804700000000243e-01 4.143494319999999759e-02
1.876389320000000083e-01 2.524272990000000008e-02
5.037428179999999811e-01 2.943666819999999837e-02
2.884364529999999816e-01 2.285735699999999829e-02
4.642317710000000153e-01 3.548816199999999671e-02
2.842669270000000026e-01 9.608681120000000381e-03
5.326000770000000051e-02 2.118538609999999836e-02
9.989259339999999321e-02 2.438601580000000074e-02
2.991568660000000213e-01 4.068319270000000237e-02
5.203720040000000546e-01 1.306667979999999972e-02
2.629141340000000146e-02 3.928359580000000129e-02
1.825548080000000128e-01 1.061485669999999958e-02
6.556302990000000275e-01 4.112267499999999742e-02
5.708824350000000214e-01 2.469390980000000027e-02
1.984604899999999894e-01 3.445198950000000204e-02
5.674638650000000117e-01 3.654629260000000213e-02
-6.424665199999999611e-03 1.055375260000000065e-02
1.755969930000000068e-01 1.788090189999999927e-02
2.283216839999999970e-01 8.999517900000000153e-03
1.503488839999999882e-01 1.704250289999999918e-02
-1.578864719999999999e-01 4.571636739999999921e-02
2.473792529999999934e-01 1.824264650000000099e-02
2.730021559999999958e-01 1.383333900000000005e-02
3.439236540000000231e-01 2.937697150000000146e-02
2.090182090000000104e-01 4.932268740000000234e-02
2.763116230000000062e-01 3.472752900000000004e-02
1.410525109999999915e-01 3.847497390000000073e-02
2.893702260000000082e-01 3.456207029999999736e-02
4.340988419999999848e-01 3.783990289999999979e-02
1.598555349999999931e-01 2.077246630000000038e-02
2.330538490000000074e-01 5.163824139999999979e-02
4.544981610000000116e-01 4.704916189999999721e-02
6.535888450000000294e-01 2.811638810000000044e-02
1.303127639999999976e-01 1.886474070000000031e-02
5.358741839999999756e-01 4.691687540000000212e-02
6.207945339999999534e-01 4.988982499999999876e-02
2.738370319999999802e-01 3.797755440000000204e-02
1.683299319999999877e-01 2.761723120000000170e-02
1.716002829999999924e-01 7.620595620000000098e-03
3.907853159999999937e-01 4.966724890000000225e-02
7.912432810000000205e-02 2.874624970000000043e-02
2.225869819999999888e-01 1.215757360000000072e-02
1.605002369999999901e-01 2.399048289999999861e-02
4.421201810000000010e-01 3.216444570000000225e-02
3.365176369999999667e-02 2.543695530000000121e-02
5.288837440000000445e-01 3.907643310000000203e-02
5.935332119999999767e-01 3.425257589999999852e-02
4.834519950000000232e-01 2.549998770000000067e-02
4.301566399999999790e-01 9.466475720000000829e-03
2.188241509999999945e-01 2.741329879999999941e-02
2.117217409999999980e-02 1.531945520000000012e-02
6.696548850000000330e-01 6.164683559999999812e-02
4.937801789999999857e-01 3.165838609999999803e-02
3.739739559999999963e-01 1.089311270000000061e-02
3.481892639999999983e-01 2.348448469999999885e-02
2.252469069999999962e-01 3.084698599999999985e-02
1.821171300000000090e-02 3.297951400000000144e-02
4.656264059999999927e-01 2.708767540000000043e-02
6.241318580000000393e-01 3.296240079999999961e-02
2.493502459999999976e-01 7.954215509999999420e-03
5.173443009999999509e-01 5.388344149999999694e-02
6.356454360000000081e-01 3.825056040000000129e-02
1.148141109999999965e-01 2.936023940000000165e-02
2.461470629999999993e-01 4.631403590000000153e-02
7.088389400000000284e-01 4.092532880000000067e-02
4.630388670000000206e-01 3.143821589999999666e-02
9.251509189999999883e-02 1.827489779999999855e-02
3.922389820000000138e-01 4.417008900000000265e-02
3.563229640000000198e-01 5.029642830000000120e-02
2.622177689999999894e-01 3.847424249999999851e-02
-2.195430959999999931e-02 3.050916379999999914e-02
4.924803229999999976e-01 1.485549570000000048e-02
1.614961739999999923e-01 3.977530919999999748e-02
2.699080039999999792e-01 3.624817429999999813e-02
6.033073049999999604e-01 6.029115480000000332e-02
5.874233159999999732e-01 7.797354210000000292e-03
2.909107550000000209e-01 2.471873559999999970e-02
3.999965469999999801e-01 3.177004950000000133e-02
1.574458450000000009e-01 4.695696120000000112e-02
4.272341729999999949e-01 2.333121700000000132e-02
4.045576949999999949e-01 4.040415230000000274e-02
2.913767600000000124e-01 5.430499130000000091e-02
5.735372380000000048e-01 1.979471780000000014e-02
1.467335009999999884e-01 2.266104290000000090e-02
2.964701080000000100e-01 2.819981120000000091e-02
2.117443489999999984e-01 2.470720090000000022e-02
2.015528629999999988e-01 1.623659250000000082e-02
3.221642339999999938e-01 3.562157039999999664e-02
3.319014710000000035e-01 3.002739930000000029e-02
9.803100829999999988e-02 3.074636919999999829e-02
1.901200000000000112e-01 3.634656540000000269e-02
1.770132889999999903e-01 3.649298609999999943e-02
2.687779439999999909e-01 7.240503750000000516e-02
2.973769720000000172e-01 3.498029159999999776e-02
2.090080669999999918e-01 1.233417719999999919e-02
1.705968190000000106e-01 2.327465190000000024e-03
1.736134450000000051e-01 1.575999949999999997e-02
1.859272889999999956e-01 1.632798309999999864e-02
1.514662960000000003e-01 1.014390119999999951e-02
2.708741270000000201e-01 2.576398159999999937e-03
1.907413129999999957e-01 6.271738750000000265e-03
3.756916169999999777e-01 5.969758459999999906e-02
8.476766019999999457e-01 5.371887859999999876e-02
1.030249560000000009e-01 3.115268369999999939e-02
3.501898370000000038e-01 1.192836700000000048e-02
-9.442600730000000331e-03 1.965265440000000044e-02
4.436742690000000100e-01 5.987630549999999746e-02
4.615522389999999753e-01 5.085674619999999702e-02
5.942888610000000016e-01 5.303909489999999657e-03
3.702724490000000035e-01 1.633597129999999828e-02
4.576612480000000205e-01 4.220612270000000110e-02
4.792684950000000166e-01 3.507484140000000084e-02
3.071593069999999925e-01 9.658646769999999424e-03
3.457019080000000022e-01 2.857572079999999917e-02
3.299798059999999866e-01 3.573646810000000174e-02
7.782808250000000649e-02 1.162017249999999953e-02
2.761689079999999907e-01 3.165085980000000021e-02
4.311947119999999800e-01 2.864630909999999961e-02
3.005915749999999997e-01 4.047164179999999944e-02
1.910870640000000009e-01 7.821130600000000127e-03
6.848991580000000079e-01 4.728783570000000269e-02
2.529113009999999773e-01 1.803319119999999970e-02
5.935944969999999987e-01 3.818741850000000049e-02
6.211453930000000456e-01 5.689723800000000276e-02
4.736015239999999960e-01 4.084536350000000232e-02
7.052467199999999659e-02 1.480068669999999934e-02
1.317672430000000061e-01 2.584220200000000162e-02
3.003593460000000270e-01 3.643545640000000335e-02
4.194665839999999757e-01 1.929503289999999829e-02
6.002335739999999781e-02 8.172701209999999258e-03
7.881682069999999818e-02 6.556362040000000314e-03
3.405905379999999982e-01 3.700665139999999992e-02
3.136197499999999749e-01 5.839340280000000077e-02
2.094769910000000013e-01 3.931744339999999893e-02
1.362912039999999991e-01 3.859123469999999750e-02
2.259319250000000057e-01 2.053123449999999864e-02
2.464903740000000121e-01 1.811902099999999904e-02
3.155025180000000096e-01 2.980388219999999949e-02
4.335232609999999931e-01 2.009648810000000049e-02
4.279101759999999754e-01 3.766050960000000281e-02
1.806008759999999935e-01 1.076841350000000072e-02
2.370961249999999909e-01 3.116128270000000089e-02
1.817041149999999994e-01 1.581822089999999903e-02
7.106139299999999492e-01 3.208284480000000299e-02
-8.536972020000000230e-03 2.067153539999999970e-02
2.011179429999999935e-01 3.940645169999999753e-02
2.368730039999999981e-01 1.575403759999999959e-02
1.170662759999999969e-01 1.742469079999999990e-02
2.517212560000000043e-01 2.306660979999999861e-02
2.354568979999999978e-01 3.743535280000000187e-02
3.162359779999999732e-01 5.188315870000000107e-02
4.264941179999999776e-01 3.142696410000000301e-02
3.124284099999999897e-01 2.644933630000000091e-02
-5.378398029999999913e-02 3.536150319999999819e-02
-3.355973310000000265e-02 1.771866730000000098e-02
5.867748240000000282e-01 1.800365309999999927e-02
4.494425610000000182e-01 3.140586420000000129e-02
2.883475189999999966e-01 6.763389810000000613e-02
2.685625409999999880e-01 4.918693159999999731e-02
8.491907849999999480e-02 3.982951390000000202e-02
9.585571950000000563e-02 3.825141690000000150e-02
2.157677070000000030e-01 1.175383139999999944e-02
4.159785380000000088e-01 7.329666119999999827e-03
7.089199449999999958e-01 6.068369839999999960e-02
2.563809790000000088e-01 2.997325439999999966e-02
4.812545309999999854e-01 3.276509650000000023e-02
3.463099060000000007e-01 1.666082920000000120e-02
1.473631990000000003e-01 3.694573889999999694e-02
-7.853579800000000388e-02 2.499343030000000104e-02
3.370275679999999996e-01 1.795059289999999946e-02
2.163366979999999939e-01 9.816222989999999829e-03
2.121849090000000049e-01 3.567682280000000067e-02
3.424604569999999959e-01 1.147091979999999983e-02
3.126579680000000083e-01 3.543486039999999698e-02
3.416776320000000089e-01 9.018853929999999172e-03
4.912069840000000132e-01 3.921610839999999792e-02
1.718283830000000012e-01 5.916517539999999881e-02
5.070915630000000229e-01 4.694053120000000329e-02
5.677489329999999557e-01 1.023307499999999946e-02
1.525462350000000022e-01 2.599088520000000097e-02
8.952863060000000595e-02 3.921039920000000262e-02
6.709560260000000387e-01 4.836011590000000027e-02
2.037144389999999972e-01 1.071366999999999979e-02
2.638410339999999743e-01 1.847089329999999918e-02
2.914106080000000154e-01 1.468690469999999956e-02
4.467143690000000000e-01 5.583531039999999751e-02
2.483103819999999962e-01 1.974744540000000076e-02
2.497525939999999944e-01 3.477735109999999935e-02
4.245141499999999790e-01 5.495256960000000079e-02
2.900025359999999774e-01 4.188187869999999979e-02
3.501012800000000147e-01 2.719588109999999948e-02
3.488174350000000090e-01 1.940131609999999965e-02
1.624141699999999966e-01 3.806554260000000189e-02
5.388281689999999680e-01 3.301611840000000242e-02
1.962750380000000128e-01 4.144251119999999705e-02
5.410286779999999851e-01 4.335013590000000305e-02
5.368163750000000123e-01 7.233779249999999772e-02
2.538362619999999792e-01 4.555704969999999771e-02
6.194182910000000097e-01 3.978395269999999984e-02
4.962844109999999809e-01 1.160324260000000079e-02
5.361746040000000546e-01 2.118867409999999896e-02
3.819849069999999847e-01 4.307851909999999701e-02
5.182005440000000407e-01 3.060877719999999941e-02
1.623285660000000075e-01 4.506750369999999728e-03
-2.495121159999999852e-02 3.541531690000000038e-02
5.687210830000000161e-01 3.261533040000000327e-02
6.944981380000000426e-01 3.819443759999999882e-02
3.249296830000000247e-01 7.507897569999999812e-03
2.864877279999999971e-01 2.005264260000000007e-02
2.716023639999999850e-01 2.411150369999999835e-02
2.551165080000000196e-01 4.134951230000000200e-02
6.627790550000000058e-01 2.181673259999999948e-02
2.196752800000000005e-01 1.733123019999999875e-02
3.428162619999999827e-01 4.397931659999999854e-03
3.883697589999999811e-01 3.893281390000000175e-02
8.946897730000000215e-02 5.821142740000000149e-02
4.625602609999999726e-01 3.478011620000000248e-02
3.836935389999999724e-01 4.896073940000000152e-02
1.277244090000000110e-01 3.488841689999999662e-02
5.217883210000000549e-01 2.389689869999999869e-02
3.487391200000000135e-01 3.987173980000000006e-02
2.043858970000000108e-01 3.659100039999999693e-02
1.834417269999999989e-01 2.472848199999999955e-02
1.289897540000000120e-01 1.817610169999999900e-02
1.923463209999999868e-01 1.863905969999999843e-02
2.856811029999999918e-01 3.566076800000000241e-02
8.205166699999999480e-01 3.623241740000000127e-02
1.641479889999999942e-01 1.286004139999999928e-02
2.273463360000000100e-01 1.317718330000000083e-02
3.319060380000000143e-01 3.758989050000000054e-02
5.094044840000000463e-01 8.507660429999999371e-03
3.311212210000000211e-01 2.784276460000000009e-02
5.079983259999999445e-01 3.932692010000000266e-02
1.943692360000000008e-01 2.266408030000000018e-02
5.316842510000000521e-01 3.491297580000000261e-02
1.230013870000000037e-01 4.132290670000000193e-02
1.986760760000000070e-01 3.609786240000000153e-03
7.793715390000000021e-01 3.050343260000000153e-02
6.945669420000000205e-01 6.876938990000000529e-02
4.270489410000000152e-01 5.149742609999999852e-03
6.276581800000000100e-02 2.220355519999999902e-02
1.523680159999999950e-01 3.434125569999999655e-02
6.217513980000000107e-02 2.254588830000000058e-02
4.530377950000000209e-01 3.291476840000000237e-02
9.866283030000000398e-02 1.972287899999999872e-02
2.949431869999999956e-01 1.610107220000000020e-02
4.588638540000000154e-01 3.562300069999999735e-02
3.188966030000000007e-01 5.384258420000000156e-02
4.441418460000000068e-01 1.552710939999999915e-02
1.609911639999999922e-01 1.499519279999999948e-02
2.870127740000000260e-01 2.226605690000000096e-02
5.934476990000000507e-01 5.203970410000000046e-02
3.884067500000000228e-01 9.329117229999999567e-03
2.288612399999999936e-01 9.340723630000000513e-03
3.773400319999999919e-01 1.929107169999999885e-02
1.756168170000000084e-01 2.911252279999999859e-02
1.847536909999999977e-01 2.768168160000000072e-02
2.528346799999999783e-01 2.612405359999999885e-02
2.879332600000000242e-01 2.600018579999999885e-02
3.995554900000000131e-01 3.850713199999999947e-02
3.915868820000000250e-01 1.084424319999999914e-02
5.628755509999999740e-01 2.307754979999999956e-02
6.549591559999999590e-02 5.654004349999999790e-02
1.017162779999999933e-01 2.248559639999999846e-02
6.306982580000000116e-01 4.374468909999999766e-02
3.775253279999999934e-01 4.300760819999999846e-02
1.857142079999999917e-01 4.043970840000000316e-02
2.460481539999999911e-01 3.428623430000000277e-02
4.301184940000000179e-01 3.218551420000000107e-02
1.656085840000000031e-01 1.985102669999999972e-02
1.589148730000000120e-01 1.839118169999999844e-02
5.174081710000000278e-01 3.038335259999999996e-02
4.397348589999999779e-01 7.392783109999999380e-02
1.631436679999999917e-01 3.689379859999999955e-02
3.174034430000000073e-01 2.119870399999999877e-02
2.102734719999999891e-01 4.475803550000000131e-02
5.009372109999999934e-01 2.258489119999999850e-02
2.256070940000000080e-01 1.826756159999999921e-02
2.575304099999999874e-01 1.659456639999999997e-02
2.421572140000000095e-01 2.801193869999999905e-02
5.295867829999999499e-01 2.943763760000000021e-02
1.797937510000000016e-01 1.346134229999999994e-02
3.069752800000000170e-01 2.919002830000000034e-02
1.136312520000000020e-01 2.969469170000000116e-02
2.790930730000000248e-01 4.397541960000000277e-02
-3.627634810000000126e-02 2.106566879999999947e-02
3.048606150000000015e-01 3.948567520000000053e-02
